Build started 7/11/2017 4:33:10 PM.
     1>Project "C:\Users\yanceyxiong\Documents\Visual Studio 2015\Projects\pxTOsw\pxTOsw\pxTOsw.vcxproj" on node 2 (Build target(s)).
     1>ClCompile:
         C:\Program Files (x86)\Microsoft Visual Studio 14.0\VC\bin\CL.exe /c /ZI /nologo /W3 /WX- /Od /Oy- /D WIN32 /D _DEBUG /D _CONSOLE /D _MBCS /Gm /EHsc /RTC1 /MDd /GS /fp:precise /Zc:wchar_t /Zc:forScope /Zc:inline /Fo"Debug\\" /Fd"Debug\vc140.pdb" /Gd /TP /analyze- /errorReport:prompt Main.cpp
         Main.cpp
     1>c:\users\yanceyxiong\documents\visual studio 2015\projects\pxtosw\pxtosw\main.cpp(24): warning C4244: 'initializing': conversion from 'double' to 'int', possible loss of data
     1>c:\users\yanceyxiong\documents\visual studio 2015\projects\pxtosw\pxtosw\main.cpp(45): warning C4018: '<=': signed/unsigned mismatch
     1>c:\users\yanceyxiong\documents\visual studio 2015\projects\pxtosw\pxtosw\main.cpp(91): warning C4996: 'strcpy': This function or variable may be unsafe. Consider using strcpy_s instead. To disable deprecation, use _CRT_SECURE_NO_WARNINGS. See online help for details.
         c:\program files (x86)\windows kits\10\include\10.0.10150.0\ucrt\string.h(119): note: see declaration of 'strcpy'
     1>c:\users\yanceyxiong\documents\visual studio 2015\projects\pxtosw\pxtosw\main.cpp(93): warning C4996: 'strcat': This function or variable may be unsafe. Consider using strcat_s instead. To disable deprecation, use _CRT_SECURE_NO_WARNINGS. See online help for details.
         c:\program files (x86)\windows kits\10\include\10.0.10150.0\ucrt\string.h(90): note: see declaration of 'strcat'
     1>c:\users\yanceyxiong\documents\visual studio 2015\projects\pxtosw\pxtosw\main.cpp(104): warning C4996: 'strcpy': This function or variable may be unsafe. Consider using strcpy_s instead. To disable deprecation, use _CRT_SECURE_NO_WARNINGS. See online help for details.
         c:\program files (x86)\windows kits\10\include\10.0.10150.0\ucrt\string.h(119): note: see declaration of 'strcpy'
     1>c:\users\yanceyxiong\documents\visual studio 2015\projects\pxtosw\pxtosw\main.cpp(106): warning C4996: 'strcat': This function or variable may be unsafe. Consider using strcat_s instead. To disable deprecation, use _CRT_SECURE_NO_WARNINGS. See online help for details.
         c:\program files (x86)\windows kits\10\include\10.0.10150.0\ucrt\string.h(90): note: see declaration of 'strcat'
     1>c:\users\yanceyxiong\documents\visual studio 2015\projects\pxtosw\pxtosw\main.cpp(107): warning C4996: 'strcat': This function or variable may be unsafe. Consider using strcat_s instead. To disable deprecation, use _CRT_SECURE_NO_WARNINGS. See online help for details.
         c:\program files (x86)\windows kits\10\include\10.0.10150.0\ucrt\string.h(90): note: see declaration of 'strcat'
     1>c:\users\yanceyxiong\documents\visual studio 2015\projects\pxtosw\pxtosw\main.cpp(114): warning C4996: 'strcpy': This function or variable may be unsafe. Consider using strcpy_s instead. To disable deprecation, use _CRT_SECURE_NO_WARNINGS. See online help for details.
         c:\program files (x86)\windows kits\10\include\10.0.10150.0\ucrt\string.h(119): note: see declaration of 'strcpy'
     1>c:\users\yanceyxiong\documents\visual studio 2015\projects\pxtosw\pxtosw\main.cpp(115): warning C4996: 'strcat': This function or variable may be unsafe. Consider using strcat_s instead. To disable deprecation, use _CRT_SECURE_NO_WARNINGS. See online help for details.
         c:\program files (x86)\windows kits\10\include\10.0.10150.0\ucrt\string.h(90): note: see declaration of 'strcat'
     1>c:\users\yanceyxiong\documents\visual studio 2015\projects\pxtosw\pxtosw\main.cpp(85): warning C4101: 'save_path': unreferenced local variable
       Link:
         C:\Program Files (x86)\Microsoft Visual Studio 14.0\VC\bin\link.exe /ERRORREPORT:PROMPT /OUT:"C:\Users\yanceyxiong\Documents\Visual Studio 2015\Projects\pxTOsw\Debug\pxTOsw.exe" /INCREMENTAL /NOLOGO kernel32.lib user32.lib gdi32.lib winspool.lib comdlg32.lib advapi32.lib shell32.lib ole32.lib oleaut32.lib uuid.lib odbc32.lib odbccp32.lib /MANIFEST /MANIFESTUAC:"level='asInvoker' uiAccess='false'" /manifest:embed /Debug /PDB:"C:\Users\yanceyxiong\Documents\Visual Studio 2015\Projects\pxTOsw\Debug\pxTOsw.pdb" /SUBSYSTEM:CONSOLE /TLBID:1 /DYNAMICBASE /NXCOMPAT /IMPLIB:"C:\Users\yanceyxiong\Documents\Visual Studio 2015\Projects\pxTOsw\Debug\pxTOsw.lib" /MACHINE:X86 Debug\Main.obj
         pxTOsw.vcxproj -> C:\Users\yanceyxiong\Documents\Visual Studio 2015\Projects\pxTOsw\Debug\pxTOsw.exe
     1>Done Building Project "C:\Users\yanceyxiong\Documents\Visual Studio 2015\Projects\pxTOsw\pxTOsw\pxTOsw.vcxproj" (Build target(s)).

Build succeeded.

Time Elapsed 00:00:01.99
